<?xml version="1.0" encoding="UTF-8"?>
<!-- Generated by org.testng.reporters.JUnitReportReporter -->
<testsuite hostname="LAPTOP-ELCVUVJ6" failures="0" tests="1" name="com.prach_project.testcases.ParalleltestingTC02" time="10.166" errors="0" timestamp="2024-03-12T22:59:30 IST" skipped="0">
  <testcase classname="com.prach_project.testcases.ParalleltestingTC02" name="verifyWomenTopIsSelecting" time="10.166"/>
</testsuite> <!-- com.prach_project.testcases.ParalleltestingTC02 -->
