<?xml version="1.0" encoding="UTF-8"?>
<!-- Generated by org.testng.reporters.JUnitReportReporter -->
<testsuite hostname="LAPTOP-ELCVUVJ6" failures="0" tests="2" name="com.prach_project.testcases.paralleltestingTC01IP" time="3.873" errors="0" timestamp="2024-03-08T19:35:43 IST" skipped="1">
  <testcase classname="com.prach_project.testcases.paralleltestingTC01IP" name="launchTC" time="3.873"/>
  <testcase classname="com.prach_project.testcases.paralleltestingTC01IP" name="TC2">
    <skipped/>
  </testcase> <!-- TC2 -->
</testsuite> <!-- com.prach_project.testcases.paralleltestingTC01IP -->
