<?xml version="1.0" encoding="UTF-8"?>
<!-- Generated by org.testng.reporters.JUnitReportReporter -->
<testsuite hostname="LAPTOP-ELCVUVJ6" failures="0" tests="3" name="com.prach_project.testcases.TCIndexpage01" time="24.895" errors="0" timestamp="2024-03-12T22:59:30 IST" skipped="0">
  <testcase classname="com.prach_project.testcases.TCIndexpage01" name="launchTC" time="8.035"/>
  <testcase classname="com.prach_project.testcases.TCIndexpage01" name="TC2" time="6.825"/>
  <testcase classname="com.prach_project.testcases.TCIndexpage01" name="TC3" time="10.035"/>
</testsuite> <!-- com.prach_project.testcases.TCIndexpage01 -->
